2025-11-13T22:42:46.516+05:30  INFO 15236 --- [review-service] [main] c.o.r.ReviewServiceApplication           : Starting ReviewServiceApplication using Java 21 with PID 15236 (C:\Users\2440656\Project\Auction-Bidding\Microservices\review-service\target\classes started by 2440656 in C:\Users\2440656\Project\Auction-Bidding\Microservices\review-service)
2025-11-13T22:42:46.531+05:30  INFO 15236 --- [review-service] [main] c.o.r.ReviewServiceApplication           : No active profile set, falling back to 1 default profile: "default"
2025-11-13T22:42:48.550+05:30  INFO 15236 --- [review-service] [main] .s.d.r.c.RepositoryConfigurationDelegate : Bootstrapping Spring Data JPA repositories in DEFAULT mode.
2025-11-13T22:42:48.755+05:30  INFO 15236 --- [review-service] [main] .s.d.r.c.RepositoryConfigurationDelegate : Finished Spring Data repository scanning in 185 ms. Found 1 JPA repository interface.
2025-11-13T22:42:49.190+05:30  INFO 15236 --- [review-service] [main] o.s.cloud.context.scope.GenericScope     : BeanFactory id=a9d5fa2d-881f-3276-9521-bd3898e1170f
2025-11-13T22:42:50.245+05:30  INFO 15236 --- [review-service] [main] o.s.b.w.embedded.tomcat.TomcatWebServer  : Tomcat initialized with port 8095 (http)
2025-11-13T22:42:50.272+05:30  INFO 15236 --- [review-service] [main] o.apache.catalina.core.StandardService   : Starting service [Tomcat]
2025-11-13T22:42:50.273+05:30  INFO 15236 --- [review-service] [main] o.apache.catalina.core.StandardEngine    : Starting Servlet engine: [Apache Tomcat/10.1.48]
2025-11-13T22:42:50.465+05:30  INFO 15236 --- [review-service] [main] o.a.c.c.C.[Tomcat].[localhost].[/]       : Initializing Spring embedded WebApplicationContext
2025-11-13T22:42:50.466+05:30  INFO 15236 --- [review-service] [main] w.s.c.ServletWebServerApplicationContext : Root WebApplicationContext: initialization completed in 3877 ms
2025-11-13T22:42:51.021+05:30  INFO 15236 --- [review-service] [main] com.zaxxer.hikari.HikariDataSource       : HikariPool-1 - Starting...
2025-11-13T22:42:51.342+05:30  INFO 15236 --- [review-service] [main] com.zaxxer.hikari.pool.HikariPool        : HikariPool-1 - Added connection com.mysql.cj.jdbc.ConnectionImpl@397a10df
2025-11-13T22:42:51.344+05:30  INFO 15236 --- [review-service] [main] com.zaxxer.hikari.HikariDataSource       : HikariPool-1 - Start completed.
2025-11-13T22:42:51.389+05:30  INFO 15236 --- [review-service] [main] o.hibernate.jpa.internal.util.LogHelper  : HHH000204: Processing PersistenceUnitInfo [name: default]
2025-11-13T22:42:51.445+05:30  INFO 15236 --- [review-service] [main] org.hibernate.Version                    : HHH000412: Hibernate ORM core version 6.6.33.Final
2025-11-13T22:42:51.481+05:30  INFO 15236 --- [review-service] [main] o.h.c.internal.RegionFactoryInitiator    : HHH000026: Second-level cache disabled
2025-11-13T22:42:51.931+05:30  INFO 15236 --- [review-service] [main] o.s.o.j.p.SpringPersistenceUnitInfo      : No LoadTimeWeaver setup: ignoring JPA class transformer
2025-11-13T22:42:51.998+05:30  WARN 15236 --- [review-service] [main] org.hibernate.orm.deprecation            : HHH90000025: MySQLDialect does not need to be specified explicitly using 'hibernate.dialect' (remove the property setting and it will be selected by default)
2025-11-13T22:42:52.013+05:30  INFO 15236 --- [review-service] [main] org.hibernate.orm.connections.pooling    : HHH10001005: Database info:
	Database JDBC URL [Connecting through datasource 'HikariDataSource (HikariPool-1)']
	Database driver: undefined/unknown
	Database version: 8.0.42
	Autocommit mode: undefined/unknown
	Isolation level: undefined/unknown
	Minimum pool size: undefined/unknown
	Maximum pool size: undefined/unknown
2025-11-13T22:42:53.366+05:30  INFO 15236 --- [review-service] [main] o.h.e.t.j.p.i.JtaPlatformInitiator       : HHH000489: No JTA platform available (set 'hibernate.transaction.jta.platform' to enable JTA platform integration)
2025-11-13T22:42:53.500+05:30  INFO 15236 --- [review-service] [main] j.LocalContainerEntityManagerFactoryBean : Initialized JPA EntityManagerFactory for persistence unit 'default'
2025-11-13T22:42:54.567+05:30  INFO 15236 --- [review-service] [main] o.s.d.j.r.query.QueryEnhancerFactory     : Hibernate is in classpath; If applicable, HQL parser will be used.
2025-11-13T22:42:56.707+05:30  WARN 15236 --- [review-service] [main] JpaBaseConfiguration$JpaWebConfiguration : spring.jpa.open-in-view is enabled by default. Therefore, database queries may be performed during view rendering. Explicitly configure spring.jpa.open-in-view to disable this warning
2025-11-13T22:42:57.969+05:30  INFO 15236 --- [review-service] [main] o.s.b.a.e.web.EndpointLinksResolver      : Exposing 1 endpoint beneath base path '/actuator'
2025-11-13T22:42:59.976+05:30  INFO 15236 --- [review-service] [main] DiscoveryClientOptionalArgsConfiguration : Eureka HTTP Client uses RestTemplate.
2025-11-13T22:43:00.062+05:30  WARN 15236 --- [review-service] [main] iguration$LoadBalancerCaffeineWarnLogger : Spring Cloud LoadBalancer is currently working with the default cache. While this cache implementation is useful for development and tests, it's recommended to use Caffeine cache in production.You can switch to using Caffeine cache, by adding it and org.springframework.cache.caffeine.CaffeineCacheManager to the classpath.
2025-11-13T22:43:00.175+05:30  INFO 15236 --- [review-service] [main] o.s.c.n.eureka.InstanceInfoFactory       : Setting initial instance status as: STARTING
2025-11-13T22:43:00.211+05:30  INFO 15236 --- [review-service] [main] com.netflix.discovery.DiscoveryClient    : Initializing Eureka in region us-east-1
2025-11-13T22:43:00.217+05:30  INFO 15236 --- [review-service] [main] c.n.d.s.r.aws.ConfigClusterResolver      : Resolving eureka endpoints via configuration
2025-11-13T22:43:00.228+05:30  INFO 15236 --- [review-service] [main] com.netflix.discovery.DiscoveryClient    : Disable delta property : false
2025-11-13T22:43:00.228+05:30  INFO 15236 --- [review-service] [main] com.netflix.discovery.DiscoveryClient    : Single vip registry refresh property : null
2025-11-13T22:43:00.228+05:30  INFO 15236 --- [review-service] [main] com.netflix.discovery.DiscoveryClient    : Force full registry fetch : false
2025-11-13T22:43:00.228+05:30  INFO 15236 --- [review-service] [main] com.netflix.discovery.DiscoveryClient    : Application is null : false
2025-11-13T22:43:00.228+05:30  INFO 15236 --- [review-service] [main] com.netflix.discovery.DiscoveryClient    : Registered Applications size is zero : true
2025-11-13T22:43:00.228+05:30  INFO 15236 --- [review-service] [main] com.netflix.discovery.DiscoveryClient    : Application version is -1: true
2025-11-13T22:43:00.229+05:30  INFO 15236 --- [review-service] [main] com.netflix.discovery.DiscoveryClient    : Getting all instance registry info from the eureka server
2025-11-13T22:43:00.775+05:30  INFO 15236 --- [review-service] [main] com.netflix.discovery.DiscoveryClient    : The response status is 200
2025-11-13T22:43:00.777+05:30  INFO 15236 --- [review-service] [main] com.netflix.discovery.DiscoveryClient    : Starting heartbeat executor: renew interval is: 30
2025-11-13T22:43:00.778+05:30  INFO 15236 --- [review-service] [main] c.n.discovery.InstanceInfoReplicator     : InstanceInfoReplicator onDemand update allowed rate per min is 4
2025-11-13T22:43:00.782+05:30  INFO 15236 --- [review-service] [main] com.netflix.discovery.DiscoveryClient    : Discovery Client initialized at timestamp 1763053980781 with initial instances count: 5
2025-11-13T22:43:00.786+05:30  INFO 15236 --- [review-service] [main] o.s.c.n.e.s.EurekaServiceRegistry        : Registering application REVIEW-SERVICE with eureka with status UP
2025-11-13T22:43:00.787+05:30  INFO 15236 --- [review-service] [main] com.netflix.discovery.DiscoveryClient    : Saw local status change event StatusChangeEvent [timestamp=1763053980787, current=UP, previous=STARTING]
2025-11-13T22:43:00.792+05:30  INFO 15236 --- [review-service] [DiscoveryClient-InstanceInfoReplicator-%d] com.netflix.discovery.DiscoveryClient    : DiscoveryClient_REVIEW-SERVICE/LTIN649665.cts.com:review-service:8095: registering service...
2025-11-13T22:43:00.839+05:30  INFO 15236 --- [review-service] [main] o.s.b.w.embedded.tomcat.TomcatWebServer  : Tomcat started on port 8095 (http) with context path '/'
2025-11-13T22:43:00.842+05:30  INFO 15236 --- [review-service] [main] .s.c.n.e.s.EurekaAutoServiceRegistration : Updating port to 8095
2025-11-13T22:43:00.895+05:30  INFO 15236 --- [review-service] [main] c.o.r.ReviewServiceApplication           : Started ReviewServiceApplication in 16.544 seconds (process running for 17.711)
2025-11-13T22:43:00.897+05:30  INFO 15236 --- [review-service] [DiscoveryClient-InstanceInfoReplicator-%d] com.netflix.discovery.DiscoveryClient    : DiscoveryClient_REVIEW-SERVICE/LTIN649665.cts.com:review-service:8095 - registration status: 204
2025-11-13T22:48:00.241+05:30  INFO 15236 --- [review-service] [AsyncResolver-bootstrap-executor-%d] c.n.d.s.r.aws.ConfigClusterResolver      : Resolving eureka endpoints via configuration
2025-11-13T22:53:00.244+05:30  INFO 15236 --- [review-service] [AsyncResolver-bootstrap-executor-%d] c.n.d.s.r.aws.ConfigClusterResolver      : Resolving eureka endpoints via configuration
2025-11-13T22:58:00.257+05:30  INFO 15236 --- [review-service] [AsyncResolver-bootstrap-executor-%d] c.n.d.s.r.aws.ConfigClusterResolver      : Resolving eureka endpoints via configuration
2025-11-13T23:03:00.271+05:30  INFO 15236 --- [review-service] [AsyncResolver-bootstrap-executor-%d] c.n.d.s.r.aws.ConfigClusterResolver      : Resolving eureka endpoints via configuration
2025-11-13T23:08:00.281+05:30  INFO 15236 --- [review-service] [AsyncResolver-bootstrap-executor-%d] c.n.d.s.r.aws.ConfigClusterResolver      : Resolving eureka endpoints via configuration
2025-11-13T23:13:00.289+05:30  INFO 15236 --- [review-service] [AsyncResolver-bootstrap-executor-%d] c.n.d.s.r.aws.ConfigClusterResolver      : Resolving eureka endpoints via configuration
2025-11-13T23:18:00.307+05:30  INFO 15236 --- [review-service] [AsyncResolver-bootstrap-executor-%d] c.n.d.s.r.aws.ConfigClusterResolver      : Resolving eureka endpoints via configuration
2025-11-13T23:23:00.315+05:30  INFO 15236 --- [review-service] [AsyncResolver-bootstrap-executor-%d] c.n.d.s.r.aws.ConfigClusterResolver      : Resolving eureka endpoints via configuration
2025-11-13T23:26:53.526+05:30  INFO 15236 --- [review-service] [SpringApplicationShutdownHook] o.s.c.n.e.s.EurekaServiceRegistry        : Unregistering application REVIEW-SERVICE with eureka with status DOWN
2025-11-13T23:26:53.527+05:30  INFO 15236 --- [review-service] [SpringApplicationShutdownHook] com.netflix.discovery.DiscoveryClient    : Saw local status change event StatusChangeEvent [timestamp=1763056613527, current=DOWN, previous=UP]
2025-11-13T23:26:53.528+05:30  INFO 15236 --- [review-service] [DiscoveryClient-InstanceInfoReplicator-%d] com.netflix.discovery.DiscoveryClient    : DiscoveryClient_REVIEW-SERVICE/LTIN649665.cts.com:review-service:8095: registering service...
2025-11-13T23:26:53.593+05:30  INFO 15236 --- [review-service] [DiscoveryClient-InstanceInfoReplicator-%d] com.netflix.discovery.DiscoveryClient    : DiscoveryClient_REVIEW-SERVICE/LTIN649665.cts.com:review-service:8095 - registration status: 204
2025-11-13T23:26:53.616+05:30  INFO 15236 --- [review-service] [SpringApplicationShutdownHook] o.s.b.w.e.tomcat.GracefulShutdown        : Commencing graceful shutdown. Waiting for active requests to complete
2025-11-13T23:26:53.643+05:30  INFO 15236 --- [review-service] [tomcat-shutdown] o.s.b.w.e.tomcat.GracefulShutdown        : Graceful shutdown complete
2025-11-13T23:26:53.701+05:30  INFO 15236 --- [review-service] [SpringApplicationShutdownHook] j.LocalContainerEntityManagerFactoryBean : Closing JPA EntityManagerFactory for persistence unit 'default'
2025-11-13T23:26:53.753+05:30  INFO 15236 --- [review-service] [SpringApplicationShutdownHook] com.zaxxer.hikari.HikariDataSource       : HikariPool-1 - Shutdown initiated...
2025-11-13T23:26:53.771+05:30  INFO 15236 --- [review-service] [SpringApplicationShutdownHook] com.zaxxer.hikari.HikariDataSource       : HikariPool-1 - Shutdown completed.
2025-11-13T23:26:53.774+05:30  INFO 15236 --- [review-service] [SpringApplicationShutdownHook] com.netflix.discovery.DiscoveryClient    : Shutting down DiscoveryClient ...
2025-11-13T23:26:56.790+05:30  INFO 15236 --- [review-service] [SpringApplicationShutdownHook] com.netflix.discovery.DiscoveryClient    : Unregistering ...
2025-11-13T23:26:56.812+05:30  INFO 15236 --- [review-service] [SpringApplicationShutdownHook] com.netflix.discovery.DiscoveryClient    : DiscoveryClient_REVIEW-SERVICE/LTIN649665.cts.com:review-service:8095 - deregister  status: 200
2025-11-13T23:26:56.814+05:30  INFO 15236 --- [review-service] [SpringApplicationShutdownHook] com.netflix.discovery.DiscoveryClient    : Completed shut down of DiscoveryClient
